<?xml version="1.0" encoding="UTF-8"?>
<!-- Generated by org.testng.reporters.JUnitReportReporter -->
<testsuite skipped="0" hostname="Owner-PC" name="testScripts.TestScript05" tests="4" failures="0" timestamp="21 May 2019 02:42:28 GMT" time="61.774" errors="0">
  <testcase name="TestCase05" time="17.201" classname="testScripts.TestScript05"/>
  <testcase name="TestCase05" time="14.507" classname="testScripts.TestScript05"/>
  <testcase name="TestCase05" time="15.943" classname="testScripts.TestScript05"/>
  <testcase name="TestCase05" time="14.123" classname="testScripts.TestScript05"/>
</testsuite> <!-- testScripts.TestScript05 -->
