<?xml version="1.0" encoding="UTF-8"?>
<!-- Generated by org.testng.reporters.JUnitReportReporter -->
<testsuite skipped="0" hostname="Owner-PC" name="testScripts.TestScript05" tests="4" failures="0" timestamp="21 May 2019 22:35:04 GMT" time="59.577" errors="0">
  <testcase name="TestCase05" time="13.403" classname="testScripts.TestScript05"/>
  <testcase name="TestCase05" time="15.346" classname="testScripts.TestScript05"/>
  <testcase name="TestCase05" time="15.118" classname="testScripts.TestScript05"/>
  <testcase name="TestCase05" time="15.710" classname="testScripts.TestScript05"/>
</testsuite> <!-- testScripts.TestScript05 -->
